<?xml version="1.0" encoding="UTF-8"?>
<!-- Generated by org.testng.reporters.JUnitReportReporter -->
<testsuite skipped="0" hostname="VM-W10-KVANTERU" name="lfg.test.Loging" tests="1" failures="0" timestamp="10 Oct 2017 10:26:55 GMT" time="0.055" errors="0">
  <testcase name="f" time="0.055" classname="lfg.test.Loging"/>
</testsuite> <!-- lfg.test.Loging -->
